2022-10-13 12:19:39.232 INFO  c.h.knowledgebase.config.KnowledgeBaseApplication :55   [32m                  [0;39m Starting KnowledgeBaseApplication using Java 1.8.0_281 on hahahahhahasPro.cable.rcn.com with PID 72645 (/Users/henry/Desktop/Knowledge-base/target/classes started by henry in /Users/henry/Desktop/Knowledge-base)
2022-10-13 12:19:39.235 INFO  c.h.knowledgebase.config.KnowledgeBaseApplication :660  [32m                  [0;39m No active profile set, falling back to default profiles: default
2022-10-13 12:19:39.295 INFO  o.s.b.d.env.DevToolsPropertyDefaultsPostProcessor :255  [32m                  [0;39m Devtools property defaults active! Set 'spring.devtools.add-properties' to 'false' to disable
2022-10-13 12:19:39.295 INFO  o.s.b.d.env.DevToolsPropertyDefaultsPostProcessor :255  [32m                  [0;39m For additional web related logging consider setting the 'logging.level.web' property to 'DEBUG'
2022-10-13 12:19:40.595 INFO  o.s.boot.web.embedded.tomcat.TomcatWebServer      :108  [32m                  [0;39m Tomcat initialized with port(s): 8880 (http)
2022-10-13 12:19:40.605 INFO  org.apache.coyote.http11.Http11NioProtocol        :173  [32m                  [0;39m Initializing ProtocolHandler ["http-nio-8880"]
2022-10-13 12:19:40.605 INFO  org.apache.catalina.core.StandardService          :173  [32m                  [0;39m Starting service [Tomcat]
2022-10-13 12:19:40.606 INFO  org.apache.catalina.core.StandardEngine           :173  [32m                  [0;39m Starting Servlet engine: [Apache Tomcat/9.0.39]
2022-10-13 12:19:40.654 INFO  o.a.c.core.ContainerBase.[Tomcat].[localhost].[/] :173  [32m                  [0;39m Initializing Spring embedded WebApplicationContext
2022-10-13 12:19:40.654 INFO  o.s.b.w.s.c.ServletWebServerApplicationContext    :289  [32m                  [0;39m Root WebApplicationContext: initialization completed in 1358 ms
2022-10-13 12:19:41.167 INFO  o.s.scheduling.concurrent.ThreadPoolTaskExecutor  :181  [32m                  [0;39m Initializing ExecutorService 'applicationTaskExecutor'
2022-10-13 12:19:41.444 INFO  o.s.b.d.autoconfigure.OptionalLiveReloadServer    :58   [32m                  [0;39m LiveReload server is running on port 35729
2022-10-13 12:19:41.468 INFO  org.apache.coyote.http11.Http11NioProtocol        :173  [32m                  [0;39m Starting ProtocolHandler ["http-nio-8880"]
2022-10-13 12:19:41.490 INFO  o.s.boot.web.embedded.tomcat.TomcatWebServer      :220  [32m                  [0;39m Tomcat started on port(s): 8880 (http) with context path ''
2022-10-13 12:19:41.506 INFO  c.h.knowledgebase.config.KnowledgeBaseApplication :61   [32m                  [0;39m Started KnowledgeBaseApplication in 2.793 seconds (JVM running for 3.574)
2022-10-13 12:19:41.511 INFO  c.h.knowledgebase.config.KnowledgeBaseApplication :20   [32m                  [0;39m Successfully Run
2022-10-13 12:19:41.512 INFO  c.h.knowledgebase.config.KnowledgeBaseApplication :21   [32m                  [0;39m Ip address: 	http://127.0.0.1:8880
2022-10-13 12:19:45.803 INFO  o.a.c.core.ContainerBase.[Tomcat].[localhost].[/] :173  [32m                  [0;39m Initializing Spring DispatcherServlet 'dispatcherServlet'
2022-10-13 12:19:45.804 INFO  org.springframework.web.servlet.DispatcherServlet :525  [32m                  [0;39m Initializing Servlet 'dispatcherServlet'
2022-10-13 12:19:45.807 INFO  org.springframework.web.servlet.DispatcherServlet :547  [32m                  [0;39m Completed initialization in 2 ms
2022-10-13 12:19:45.845 INFO  com.zaxxer.hikari.HikariDataSource                :110  [32m                  [0;39m HikariPool-1 - Starting...
2022-10-13 12:19:50.860 INFO  com.zaxxer.hikari.HikariDataSource                :123  [32m                  [0;39m HikariPool-1 - Start completed.
2022-10-13 12:41:06.739 WARN  com.zaxxer.hikari.pool.HikariPool                 :787  [32m                  [0;39m HikariPool-1 - Thread starvation or clock leap detected (housekeeper delta=3m45s612ms).
2022-10-13 12:50:37.745 WARN  com.zaxxer.hikari.pool.HikariPool                 :787  [32m                  [0;39m HikariPool-1 - Thread starvation or clock leap detected (housekeeper delta=9m998ms).
2022-10-13 13:20:07.326 WARN  com.zaxxer.hikari.pool.HikariPool                 :787  [32m                  [0;39m HikariPool-1 - Thread starvation or clock leap detected (housekeeper delta=3m59s349ms).
2022-10-13 13:37:17.284 WARN  com.zaxxer.hikari.pool.HikariPool                 :787  [32m                  [0;39m HikariPool-1 - Thread starvation or clock leap detected (housekeeper delta=16m39s934ms).
2022-10-13 14:52:53.056 WARN  com.zaxxer.hikari.pool.HikariPool                 :787  [32m                  [0;39m HikariPool-1 - Thread starvation or clock leap detected (housekeeper delta=16m4s992ms).
2022-10-13 14:58:48.431 WARN  com.zaxxer.hikari.pool.HikariPool                 :787  [32m                  [0;39m HikariPool-1 - Thread starvation or clock leap detected (housekeeper delta=4m55s328ms).
2022-10-13 15:10:51.021 INFO  o.s.scheduling.concurrent.ThreadPoolTaskExecutor  :218  [32m                  [0;39m Shutting down ExecutorService 'applicationTaskExecutor'
2022-10-13 15:10:51.024 INFO  com.zaxxer.hikari.HikariDataSource                :350  [32m                  [0;39m HikariPool-1 - Shutdown initiated...
2022-10-13 15:10:51.050 INFO  com.zaxxer.hikari.HikariDataSource                :352  [32m                  [0;39m HikariPool-1 - Shutdown completed.
2022-10-13 15:10:51.323 INFO  c.h.knowledgebase.config.KnowledgeBaseApplication :55   [32m                  [0;39m Starting KnowledgeBaseApplication using Java 1.8.0_281 on hahahahhahasPro.cable.rcn.com with PID 72645 (/Users/henry/Desktop/Knowledge-base/target/classes started by henry in /Users/henry/Desktop/Knowledge-base)
2022-10-13 15:10:51.326 INFO  c.h.knowledgebase.config.KnowledgeBaseApplication :660  [32m                  [0;39m No active profile set, falling back to default profiles: default
2022-10-13 15:10:51.675 INFO  o.s.boot.web.embedded.tomcat.TomcatWebServer      :108  [32m                  [0;39m Tomcat initialized with port(s): 8880 (http)
2022-10-13 15:10:51.677 INFO  org.apache.coyote.http11.Http11NioProtocol        :173  [32m                  [0;39m Initializing ProtocolHandler ["http-nio-8880"]
2022-10-13 15:10:51.677 INFO  org.apache.catalina.core.StandardService          :173  [32m                  [0;39m Starting service [Tomcat]
2022-10-13 15:10:51.677 INFO  org.apache.catalina.core.StandardEngine           :173  [32m                  [0;39m Starting Servlet engine: [Apache Tomcat/9.0.39]
2022-10-13 15:10:51.691 INFO  o.a.c.core.ContainerBase.[Tomcat].[localhost].[/] :173  [32m                  [0;39m Initializing Spring embedded WebApplicationContext
2022-10-13 15:10:51.691 INFO  o.s.b.w.s.c.ServletWebServerApplicationContext    :289  [32m                  [0;39m Root WebApplicationContext: initialization completed in 355 ms
2022-10-13 15:10:51.848 INFO  o.s.scheduling.concurrent.ThreadPoolTaskExecutor  :181  [32m                  [0;39m Initializing ExecutorService 'applicationTaskExecutor'
2022-10-13 15:10:51.940 INFO  o.s.b.d.autoconfigure.OptionalLiveReloadServer    :58   [32m                  [0;39m LiveReload server is running on port 35729
2022-10-13 15:10:51.952 INFO  org.apache.coyote.http11.Http11NioProtocol        :173  [32m                  [0;39m Starting ProtocolHandler ["http-nio-8880"]
2022-10-13 15:10:51.957 INFO  o.s.boot.web.embedded.tomcat.TomcatWebServer      :220  [32m                  [0;39m Tomcat started on port(s): 8880 (http) with context path ''
2022-10-13 15:10:51.967 INFO  c.h.knowledgebase.config.KnowledgeBaseApplication :61   [32m                  [0;39m Started KnowledgeBaseApplication in 0.781 seconds (JVM running for 7187.839)
2022-10-13 15:10:51.977 INFO  o.s.b.d.a.ConditionEvaluationDeltaLoggingListener :63   [32m                  [0;39m Condition evaluation unchanged
2022-10-13 15:10:51.979 INFO  c.h.knowledgebase.config.KnowledgeBaseApplication :20   [32m                  [0;39m Successfully Run
2022-10-13 15:10:51.980 INFO  c.h.knowledgebase.config.KnowledgeBaseApplication :21   [32m                  [0;39m Ip address: 	http://127.0.0.1:8880
2022-10-13 15:11:58.090 INFO  o.s.scheduling.concurrent.ThreadPoolTaskExecutor  :218  [32m                  [0;39m Shutting down ExecutorService 'applicationTaskExecutor'
2022-10-13 15:11:58.320 INFO  c.h.knowledgebase.config.KnowledgeBaseApplication :55   [32m                  [0;39m Starting KnowledgeBaseApplication using Java 1.8.0_281 on hahahahhahasPro.cable.rcn.com with PID 72645 (/Users/henry/Desktop/Knowledge-base/target/classes started by henry in /Users/henry/Desktop/Knowledge-base)
2022-10-13 15:11:58.321 INFO  c.h.knowledgebase.config.KnowledgeBaseApplication :660  [32m                  [0;39m No active profile set, falling back to default profiles: default
2022-10-13 15:11:58.705 INFO  o.s.boot.web.embedded.tomcat.TomcatWebServer      :108  [32m                  [0;39m Tomcat initialized with port(s): 8880 (http)
2022-10-13 15:11:58.709 INFO  org.apache.coyote.http11.Http11NioProtocol        :173  [32m                  [0;39m Initializing ProtocolHandler ["http-nio-8880"]
2022-10-13 15:11:58.709 INFO  org.apache.catalina.core.StandardService          :173  [32m                  [0;39m Starting service [Tomcat]
2022-10-13 15:11:58.709 INFO  org.apache.catalina.core.StandardEngine           :173  [32m                  [0;39m Starting Servlet engine: [Apache Tomcat/9.0.39]
2022-10-13 15:11:58.730 INFO  o.a.c.core.ContainerBase.[Tomcat].[localhost].[/] :173  [32m                  [0;39m Initializing Spring embedded WebApplicationContext
2022-10-13 15:11:58.731 INFO  o.s.b.w.s.c.ServletWebServerApplicationContext    :289  [32m                  [0;39m Root WebApplicationContext: initialization completed in 388 ms
2022-10-13 15:11:58.894 INFO  o.s.scheduling.concurrent.ThreadPoolTaskExecutor  :181  [32m                  [0;39m Initializing ExecutorService 'applicationTaskExecutor'
2022-10-13 15:11:58.947 INFO  o.s.b.d.autoconfigure.OptionalLiveReloadServer    :58   [32m                  [0;39m LiveReload server is running on port 35729
2022-10-13 15:11:58.954 INFO  org.apache.coyote.http11.Http11NioProtocol        :173  [32m                  [0;39m Starting ProtocolHandler ["http-nio-8880"]
2022-10-13 15:11:58.963 INFO  o.s.boot.web.embedded.tomcat.TomcatWebServer      :220  [32m                  [0;39m Tomcat started on port(s): 8880 (http) with context path ''
2022-10-13 15:11:58.968 INFO  c.h.knowledgebase.config.KnowledgeBaseApplication :61   [32m                  [0;39m Started KnowledgeBaseApplication in 0.756 seconds (JVM running for 7254.84)
2022-10-13 15:11:58.969 INFO  o.s.b.d.a.ConditionEvaluationDeltaLoggingListener :63   [32m                  [0;39m Condition evaluation unchanged
2022-10-13 15:11:58.970 INFO  c.h.knowledgebase.config.KnowledgeBaseApplication :20   [32m                  [0;39m Successfully Run
2022-10-13 15:11:58.971 INFO  c.h.knowledgebase.config.KnowledgeBaseApplication :21   [32m                  [0;39m Ip address: 	http://127.0.0.1:8880
2022-10-13 15:18:13.126 INFO  o.s.scheduling.concurrent.ThreadPoolTaskExecutor  :218  [32m                  [0;39m Shutting down ExecutorService 'applicationTaskExecutor'
2022-10-13 15:18:13.406 INFO  c.h.knowledgebase.config.KnowledgeBaseApplication :55   [32m                  [0;39m Starting KnowledgeBaseApplication using Java 1.8.0_281 on hahahahhahasPro.cable.rcn.com with PID 72645 (/Users/henry/Desktop/Knowledge-base/target/classes started by henry in /Users/henry/Desktop/Knowledge-base)
2022-10-13 15:18:13.408 INFO  c.h.knowledgebase.config.KnowledgeBaseApplication :660  [32m                  [0;39m No active profile set, falling back to default profiles: default
2022-10-13 15:18:13.831 INFO  o.s.boot.web.embedded.tomcat.TomcatWebServer      :108  [32m                  [0;39m Tomcat initialized with port(s): 8880 (http)
2022-10-13 15:18:13.837 INFO  org.apache.coyote.http11.Http11NioProtocol        :173  [32m                  [0;39m Initializing ProtocolHandler ["http-nio-8880"]
2022-10-13 15:18:13.837 INFO  org.apache.catalina.core.StandardService          :173  [32m                  [0;39m Starting service [Tomcat]
2022-10-13 15:18:13.837 INFO  org.apache.catalina.core.StandardEngine           :173  [32m                  [0;39m Starting Servlet engine: [Apache Tomcat/9.0.39]
2022-10-13 15:18:13.848 INFO  o.a.c.core.ContainerBase.[Tomcat].[localhost].[/] :173  [32m                  [0;39m Initializing Spring embedded WebApplicationContext
2022-10-13 15:18:13.849 INFO  o.s.b.w.s.c.ServletWebServerApplicationContext    :289  [32m                  [0;39m Root WebApplicationContext: initialization completed in 421 ms
2022-10-13 15:18:13.989 INFO  o.s.scheduling.concurrent.ThreadPoolTaskExecutor  :181  [32m                  [0;39m Initializing ExecutorService 'applicationTaskExecutor'
2022-10-13 15:18:14.032 INFO  o.s.b.d.autoconfigure.OptionalLiveReloadServer    :58   [32m                  [0;39m LiveReload server is running on port 35729
2022-10-13 15:18:14.043 INFO  org.apache.coyote.http11.Http11NioProtocol        :173  [32m                  [0;39m Starting ProtocolHandler ["http-nio-8880"]
2022-10-13 15:18:14.048 INFO  o.s.boot.web.embedded.tomcat.TomcatWebServer      :220  [32m                  [0;39m Tomcat started on port(s): 8880 (http) with context path ''
2022-10-13 15:18:14.055 INFO  c.h.knowledgebase.config.KnowledgeBaseApplication :61   [32m                  [0;39m Started KnowledgeBaseApplication in 0.778 seconds (JVM running for 7629.925)
2022-10-13 15:18:14.057 INFO  o.s.b.d.a.ConditionEvaluationDeltaLoggingListener :63   [32m                  [0;39m Condition evaluation unchanged
2022-10-13 15:18:14.057 INFO  c.h.knowledgebase.config.KnowledgeBaseApplication :20   [32m                  [0;39m Successfully Run
2022-10-13 15:18:14.058 INFO  c.h.knowledgebase.config.KnowledgeBaseApplication :21   [32m                  [0;39m Ip address: 	http://127.0.0.1:8880
2022-10-13 15:25:26.769 INFO  o.s.scheduling.concurrent.ThreadPoolTaskExecutor  :218  [32m                  [0;39m Shutting down ExecutorService 'applicationTaskExecutor'
2022-10-13 15:25:27.033 INFO  c.h.knowledgebase.config.KnowledgeBaseApplication :55   [32m                  [0;39m Starting KnowledgeBaseApplication using Java 1.8.0_281 on hahahahhahasPro.cable.rcn.com with PID 72645 (/Users/henry/Desktop/Knowledge-base/target/classes started by henry in /Users/henry/Desktop/Knowledge-base)
2022-10-13 15:25:27.035 INFO  c.h.knowledgebase.config.KnowledgeBaseApplication :660  [32m                  [0;39m No active profile set, falling back to default profiles: default
2022-10-13 15:25:27.390 INFO  o.s.boot.web.embedded.tomcat.TomcatWebServer      :108  [32m                  [0;39m Tomcat initialized with port(s): 8880 (http)
2022-10-13 15:25:27.396 INFO  org.apache.coyote.http11.Http11NioProtocol        :173  [32m                  [0;39m Initializing ProtocolHandler ["http-nio-8880"]
2022-10-13 15:25:27.397 INFO  org.apache.catalina.core.StandardService          :173  [32m                  [0;39m Starting service [Tomcat]
2022-10-13 15:25:27.397 INFO  org.apache.catalina.core.StandardEngine           :173  [32m                  [0;39m Starting Servlet engine: [Apache Tomcat/9.0.39]
2022-10-13 15:25:27.411 INFO  o.a.c.core.ContainerBase.[Tomcat].[localhost].[/] :173  [32m                  [0;39m Initializing Spring embedded WebApplicationContext
2022-10-13 15:25:27.413 INFO  o.s.b.w.s.c.ServletWebServerApplicationContext    :289  [32m                  [0;39m Root WebApplicationContext: initialization completed in 364 ms
2022-10-13 15:25:27.591 INFO  o.s.scheduling.concurrent.ThreadPoolTaskExecutor  :181  [32m                  [0;39m Initializing ExecutorService 'applicationTaskExecutor'
2022-10-13 15:25:27.670 INFO  o.s.b.d.autoconfigure.OptionalLiveReloadServer    :58   [32m                  [0;39m LiveReload server is running on port 35729
2022-10-13 15:25:27.680 INFO  org.apache.coyote.http11.Http11NioProtocol        :173  [32m                  [0;39m Starting ProtocolHandler ["http-nio-8880"]
2022-10-13 15:25:27.685 INFO  o.s.boot.web.embedded.tomcat.TomcatWebServer      :220  [32m                  [0;39m Tomcat started on port(s): 8880 (http) with context path ''
2022-10-13 15:25:27.692 INFO  c.h.knowledgebase.config.KnowledgeBaseApplication :61   [32m                  [0;39m Started KnowledgeBaseApplication in 0.779 seconds (JVM running for 8063.559)
2022-10-13 15:25:27.694 INFO  o.s.b.d.a.ConditionEvaluationDeltaLoggingListener :63   [32m                  [0;39m Condition evaluation unchanged
2022-10-13 15:25:27.695 INFO  c.h.knowledgebase.config.KnowledgeBaseApplication :20   [32m                  [0;39m Successfully Run
2022-10-13 15:25:27.697 INFO  c.h.knowledgebase.config.KnowledgeBaseApplication :21   [32m                  [0;39m Ip address: 	http://127.0.0.1:8880
2022-10-13 15:26:16.618 INFO  o.s.scheduling.concurrent.ThreadPoolTaskExecutor  :218  [32m                  [0;39m Shutting down ExecutorService 'applicationTaskExecutor'
2022-10-13 15:26:16.825 INFO  c.h.knowledgebase.config.KnowledgeBaseApplication :55   [32m                  [0;39m Starting KnowledgeBaseApplication using Java 1.8.0_281 on hahahahhahasPro.cable.rcn.com with PID 72645 (/Users/henry/Desktop/Knowledge-base/target/classes started by henry in /Users/henry/Desktop/Knowledge-base)
2022-10-13 15:26:16.828 INFO  c.h.knowledgebase.config.KnowledgeBaseApplication :660  [32m                  [0;39m No active profile set, falling back to default profiles: default
2022-10-13 15:26:17.232 INFO  o.s.boot.web.embedded.tomcat.TomcatWebServer      :108  [32m                  [0;39m Tomcat initialized with port(s): 8880 (http)
2022-10-13 15:26:17.239 INFO  org.apache.coyote.http11.Http11NioProtocol        :173  [32m                  [0;39m Initializing ProtocolHandler ["http-nio-8880"]
2022-10-13 15:26:17.239 INFO  org.apache.catalina.core.StandardService          :173  [32m                  [0;39m Starting service [Tomcat]
2022-10-13 15:26:17.239 INFO  org.apache.catalina.core.StandardEngine           :173  [32m                  [0;39m Starting Servlet engine: [Apache Tomcat/9.0.39]
2022-10-13 15:26:17.252 INFO  o.a.c.core.ContainerBase.[Tomcat].[localhost].[/] :173  [32m                  [0;39m Initializing Spring embedded WebApplicationContext
2022-10-13 15:26:17.253 INFO  o.s.b.w.s.c.ServletWebServerApplicationContext    :289  [32m                  [0;39m Root WebApplicationContext: initialization completed in 416 ms
2022-10-13 15:26:17.363 INFO  o.s.scheduling.concurrent.ThreadPoolTaskExecutor  :181  [32m                  [0;39m Initializing ExecutorService 'applicationTaskExecutor'
2022-10-13 15:26:17.428 INFO  o.s.b.d.autoconfigure.OptionalLiveReloadServer    :58   [32m                  [0;39m LiveReload server is running on port 35729
2022-10-13 15:26:17.434 INFO  org.apache.coyote.http11.Http11NioProtocol        :173  [32m                  [0;39m Starting ProtocolHandler ["http-nio-8880"]
2022-10-13 15:26:17.440 INFO  o.s.boot.web.embedded.tomcat.TomcatWebServer      :220  [32m                  [0;39m Tomcat started on port(s): 8880 (http) with context path ''
2022-10-13 15:26:17.446 INFO  c.h.knowledgebase.config.KnowledgeBaseApplication :61   [32m                  [0;39m Started KnowledgeBaseApplication in 0.727 seconds (JVM running for 8113.313)
2022-10-13 15:26:17.448 INFO  o.s.b.d.a.ConditionEvaluationDeltaLoggingListener :63   [32m                  [0;39m Condition evaluation unchanged
2022-10-13 15:26:17.450 INFO  c.h.knowledgebase.config.KnowledgeBaseApplication :20   [32m                  [0;39m Successfully Run
2022-10-13 15:26:17.452 INFO  c.h.knowledgebase.config.KnowledgeBaseApplication :21   [32m                  [0;39m Ip address: 	http://127.0.0.1:8880
2022-10-13 15:26:49.423 INFO  o.s.scheduling.concurrent.ThreadPoolTaskExecutor  :218  [32m                  [0;39m Shutting down ExecutorService 'applicationTaskExecutor'
2022-10-13 15:26:49.661 INFO  c.h.knowledgebase.config.KnowledgeBaseApplication :55   [32m                  [0;39m Starting KnowledgeBaseApplication using Java 1.8.0_281 on hahahahhahasPro.cable.rcn.com with PID 72645 (/Users/henry/Desktop/Knowledge-base/target/classes started by henry in /Users/henry/Desktop/Knowledge-base)
2022-10-13 15:26:49.664 INFO  c.h.knowledgebase.config.KnowledgeBaseApplication :660  [32m                  [0;39m No active profile set, falling back to default profiles: default
2022-10-13 15:26:49.975 INFO  o.s.boot.web.embedded.tomcat.TomcatWebServer      :108  [32m                  [0;39m Tomcat initialized with port(s): 8880 (http)
2022-10-13 15:26:49.981 INFO  org.apache.coyote.http11.Http11NioProtocol        :173  [32m                  [0;39m Initializing ProtocolHandler ["http-nio-8880"]
2022-10-13 15:26:49.981 INFO  org.apache.catalina.core.StandardService          :173  [32m                  [0;39m Starting service [Tomcat]
2022-10-13 15:26:49.982 INFO  org.apache.catalina.core.StandardEngine           :173  [32m                  [0;39m Starting Servlet engine: [Apache Tomcat/9.0.39]
2022-10-13 15:26:49.991 INFO  o.a.c.core.ContainerBase.[Tomcat].[localhost].[/] :173  [32m                  [0;39m Initializing Spring embedded WebApplicationContext
2022-10-13 15:26:49.991 INFO  o.s.b.w.s.c.ServletWebServerApplicationContext    :289  [32m                  [0;39m Root WebApplicationContext: initialization completed in 317 ms
2022-10-13 15:26:50.170 INFO  o.s.scheduling.concurrent.ThreadPoolTaskExecutor  :181  [32m                  [0;39m Initializing ExecutorService 'applicationTaskExecutor'
2022-10-13 15:26:50.236 INFO  o.s.b.d.autoconfigure.OptionalLiveReloadServer    :58   [32m                  [0;39m LiveReload server is running on port 35729
2022-10-13 15:26:50.253 INFO  org.apache.coyote.http11.Http11NioProtocol        :173  [32m                  [0;39m Starting ProtocolHandler ["http-nio-8880"]
2022-10-13 15:26:50.259 INFO  o.s.boot.web.embedded.tomcat.TomcatWebServer      :220  [32m                  [0;39m Tomcat started on port(s): 8880 (http) with context path ''
2022-10-13 15:26:50.265 INFO  c.h.knowledgebase.config.KnowledgeBaseApplication :61   [32m                  [0;39m Started KnowledgeBaseApplication in 0.715 seconds (JVM running for 8146.132)
2022-10-13 15:26:50.267 INFO  o.s.b.d.a.ConditionEvaluationDeltaLoggingListener :63   [32m                  [0;39m Condition evaluation unchanged
2022-10-13 15:26:50.268 INFO  c.h.knowledgebase.config.KnowledgeBaseApplication :20   [32m                  [0;39m Successfully Run
2022-10-13 15:26:50.270 INFO  c.h.knowledgebase.config.KnowledgeBaseApplication :21   [32m                  [0;39m Ip address: 	http://127.0.0.1:8880
2022-10-13 15:28:58.017 INFO  o.s.scheduling.concurrent.ThreadPoolTaskExecutor  :218  [32m                  [0;39m Shutting down ExecutorService 'applicationTaskExecutor'
2022-10-13 15:28:58.245 INFO  c.h.knowledgebase.config.KnowledgeBaseApplication :55   [32m                  [0;39m Starting KnowledgeBaseApplication using Java 1.8.0_281 on hahahahhahasPro.cable.rcn.com with PID 72645 (/Users/henry/Desktop/Knowledge-base/target/classes started by henry in /Users/henry/Desktop/Knowledge-base)
2022-10-13 15:28:58.247 INFO  c.h.knowledgebase.config.KnowledgeBaseApplication :660  [32m                  [0;39m No active profile set, falling back to default profiles: default
2022-10-13 15:28:58.534 INFO  o.s.boot.web.embedded.tomcat.TomcatWebServer      :108  [32m                  [0;39m Tomcat initialized with port(s): 8880 (http)
2022-10-13 15:28:58.542 INFO  org.apache.coyote.http11.Http11NioProtocol        :173  [32m                  [0;39m Initializing ProtocolHandler ["http-nio-8880"]
2022-10-13 15:28:58.542 INFO  org.apache.catalina.core.StandardService          :173  [32m                  [0;39m Starting service [Tomcat]
2022-10-13 15:28:58.543 INFO  org.apache.catalina.core.StandardEngine           :173  [32m                  [0;39m Starting Servlet engine: [Apache Tomcat/9.0.39]
2022-10-13 15:28:58.555 INFO  o.a.c.core.ContainerBase.[Tomcat].[localhost].[/] :173  [32m                  [0;39m Initializing Spring embedded WebApplicationContext
2022-10-13 15:28:58.556 INFO  o.s.b.w.s.c.ServletWebServerApplicationContext    :289  [32m                  [0;39m Root WebApplicationContext: initialization completed in 300 ms
2022-10-13 15:28:58.666 INFO  o.s.scheduling.concurrent.ThreadPoolTaskExecutor  :181  [32m                  [0;39m Initializing ExecutorService 'applicationTaskExecutor'
2022-10-13 15:28:58.699 INFO  o.s.b.d.autoconfigure.OptionalLiveReloadServer    :58   [32m                  [0;39m LiveReload server is running on port 35729
2022-10-13 15:28:58.707 INFO  org.apache.coyote.http11.Http11NioProtocol        :173  [32m                  [0;39m Starting ProtocolHandler ["http-nio-8880"]
2022-10-13 15:28:58.712 INFO  o.s.boot.web.embedded.tomcat.TomcatWebServer      :220  [32m                  [0;39m Tomcat started on port(s): 8880 (http) with context path ''
2022-10-13 15:28:58.717 INFO  c.h.knowledgebase.config.KnowledgeBaseApplication :61   [32m                  [0;39m Started KnowledgeBaseApplication in 0.592 seconds (JVM running for 8274.623)
2022-10-13 15:28:58.718 INFO  o.s.b.d.a.ConditionEvaluationDeltaLoggingListener :63   [32m                  [0;39m Condition evaluation unchanged
2022-10-13 15:28:58.718 INFO  c.h.knowledgebase.config.KnowledgeBaseApplication :20   [32m                  [0;39m Successfully Run
2022-10-13 15:28:58.719 INFO  c.h.knowledgebase.config.KnowledgeBaseApplication :21   [32m                  [0;39m Ip address: 	http://127.0.0.1:8880
2022-10-13 15:35:56.163 INFO  o.s.scheduling.concurrent.ThreadPoolTaskExecutor  :218  [32m                  [0;39m Shutting down ExecutorService 'applicationTaskExecutor'
2022-10-13 15:56:38.058 INFO  c.h.knowledgebase.config.KnowledgeBaseApplication :55   [32m                  [0;39m Starting KnowledgeBaseApplication using Java 1.8.0_281 on hahahahhahasPro.cable.rcn.com with PID 73739 (/Users/henry/Desktop/Knowledge-base/target/classes started by henry in /Users/henry/Desktop/Knowledge-base)
2022-10-13 15:56:38.060 INFO  c.h.knowledgebase.config.KnowledgeBaseApplication :660  [32m                  [0;39m No active profile set, falling back to default profiles: default
2022-10-13 15:56:38.126 INFO  o.s.b.d.env.DevToolsPropertyDefaultsPostProcessor :255  [32m                  [0;39m Devtools property defaults active! Set 'spring.devtools.add-properties' to 'false' to disable
2022-10-13 15:56:38.127 INFO  o.s.b.d.env.DevToolsPropertyDefaultsPostProcessor :255  [32m                  [0;39m For additional web related logging consider setting the 'logging.level.web' property to 'DEBUG'
2022-10-13 15:56:39.403 INFO  o.s.boot.web.embedded.tomcat.TomcatWebServer      :108  [32m                  [0;39m Tomcat initialized with port(s): 8880 (http)
2022-10-13 15:56:39.413 INFO  org.apache.coyote.http11.Http11NioProtocol        :173  [32m                  [0;39m Initializing ProtocolHandler ["http-nio-8880"]
2022-10-13 15:56:39.413 INFO  org.apache.catalina.core.StandardService          :173  [32m                  [0;39m Starting service [Tomcat]
2022-10-13 15:56:39.413 INFO  org.apache.catalina.core.StandardEngine           :173  [32m                  [0;39m Starting Servlet engine: [Apache Tomcat/9.0.39]
2022-10-13 15:56:39.463 INFO  o.a.c.core.ContainerBase.[Tomcat].[localhost].[/] :173  [32m                  [0;39m Initializing Spring embedded WebApplicationContext
2022-10-13 15:56:39.464 INFO  o.s.b.w.s.c.ServletWebServerApplicationContext    :289  [32m                  [0;39m Root WebApplicationContext: initialization completed in 1337 ms
2022-10-13 15:56:40.046 INFO  o.s.scheduling.concurrent.ThreadPoolTaskExecutor  :181  [32m                  [0;39m Initializing ExecutorService 'applicationTaskExecutor'
2022-10-13 15:56:40.374 INFO  o.s.b.d.autoconfigure.OptionalLiveReloadServer    :58   [32m                  [0;39m LiveReload server is running on port 35729
2022-10-13 15:56:40.400 INFO  org.apache.coyote.http11.Http11NioProtocol        :173  [32m                  [0;39m Starting ProtocolHandler ["http-nio-8880"]
2022-10-13 15:56:40.419 INFO  o.s.boot.web.embedded.tomcat.TomcatWebServer      :220  [32m                  [0;39m Tomcat started on port(s): 8880 (http) with context path ''
2022-10-13 15:56:40.439 INFO  c.h.knowledgebase.config.KnowledgeBaseApplication :61   [32m                  [0;39m Started KnowledgeBaseApplication in 2.818 seconds (JVM running for 3.469)
2022-10-13 15:56:40.444 INFO  c.h.knowledgebase.config.KnowledgeBaseApplication :20   [32m                  [0;39m Successfully Run
2022-10-13 15:56:40.445 INFO  c.h.knowledgebase.config.KnowledgeBaseApplication :21   [32m                  [0;39m Ip address: 	http://127.0.0.1:8880
2022-10-13 15:56:44.073 INFO  o.a.c.core.ContainerBase.[Tomcat].[localhost].[/] :173  [32m                  [0;39m Initializing Spring DispatcherServlet 'dispatcherServlet'
2022-10-13 15:56:44.076 INFO  org.springframework.web.servlet.DispatcherServlet :525  [32m                  [0;39m Initializing Servlet 'dispatcherServlet'
2022-10-13 15:56:44.077 INFO  org.springframework.web.servlet.DispatcherServlet :547  [32m                  [0;39m Completed initialization in 1 ms
2022-10-13 15:56:44.112 INFO  com.zaxxer.hikari.HikariDataSource                :110  [32m                  [0;39m HikariPool-1 - Starting...
2022-10-13 15:56:48.125 INFO  com.zaxxer.hikari.HikariDataSource                :123  [32m                  [0;39m HikariPool-1 - Start completed.
2022-10-13 15:56:48.521 ERROR o.a.c.c.C.[.[localhost].[/].[dispatcherServlet]   :175  [32m                  [0;39m Servlet.service() for servlet [dispatcherServlet] in context with path [] threw exception [Request processing failed; nested exception is org.springframework.jdbc.BadSqlGrammarException: 
### Error querying database.  Cause: java.sql.SQLSyntaxErrorException: Table 'wikidev.demo' doesn't exist
### The error may exist in file [/Users/henry/Desktop/Knowledge-base/target/classes/mapper/DemoMapper.xml]
### The error may involve com.henry.knowledgebase.mapper.DemoMapper.selectByExample-Inline
### The error occurred while setting parameters
### SQL: select                 id, `name`         from demo
### Cause: java.sql.SQLSyntaxErrorException: Table 'wikidev.demo' doesn't exist
; bad SQL grammar []; nested exception is java.sql.SQLSyntaxErrorException: Table 'wikidev.demo' doesn't exist] with root cause
java.sql.SQLSyntaxErrorException: Table 'wikidev.demo' doesn't exist
	at com.mysql.cj.jdbc.exceptions.SQLError.createSQLException(SQLError.java:120)
	at com.mysql.cj.jdbc.exceptions.SQLError.createSQLException(SQLError.java:97)
	at com.mysql.cj.jdbc.exceptions.SQLExceptionsMapping.translateException(SQLExceptionsMapping.java:122)
	at com.mysql.cj.jdbc.ClientPreparedStatement.executeInternal(ClientPreparedStatement.java:953)
	at com.mysql.cj.jdbc.ClientPreparedStatement.execute(ClientPreparedStatement.java:370)
	at com.zaxxer.hikari.pool.ProxyPreparedStatement.execute(ProxyPreparedStatement.java:44)
	at com.zaxxer.hikari.pool.HikariProxyPreparedStatement.execute(HikariProxyPreparedStatement.java)
	at org.apache.ibatis.executor.statement.PreparedStatementHandler.query(PreparedStatementHandler.java:64)
	at org.apache.ibatis.executor.statement.RoutingStatementHandler.query(RoutingStatementHandler.java:79)
	at org.apache.ibatis.executor.SimpleExecutor.doQuery(SimpleExecutor.java:63)
	at org.apache.ibatis.executor.BaseExecutor.queryFromDatabase(BaseExecutor.java:325)
	at org.apache.ibatis.executor.BaseExecutor.query(BaseExecutor.java:156)
	at org.apache.ibatis.executor.CachingExecutor.query(CachingExecutor.java:109)
	at org.apache.ibatis.executor.CachingExecutor.query(CachingExecutor.java:89)
	at org.apache.ibatis.session.defaults.DefaultSqlSession.selectList(DefaultSqlSession.java:147)
	at org.apache.ibatis.session.defaults.DefaultSqlSession.selectList(DefaultSqlSession.java:140)
	at sun.reflect.NativeMethodAccessorImpl.invoke0(Native Method)
	at sun.reflect.NativeMethodAccessorImpl.invoke(NativeMethodAccessorImpl.java:62)
	at sun.reflect.DelegatingMethodAccessorImpl.invoke(DelegatingMethodAccessorImpl.java:43)
	at java.lang.reflect.Method.invoke(Method.java:498)
	at org.mybatis.spring.SqlSessionTemplate$SqlSessionInterceptor.invoke(SqlSessionTemplate.java:426)
	at com.sun.proxy.$Proxy58.selectList(Unknown Source)
	at org.mybatis.spring.SqlSessionTemplate.selectList(SqlSessionTemplate.java:223)
	at org.apache.ibatis.binding.MapperMethod.executeForMany(MapperMethod.java:147)
	at org.apache.ibatis.binding.MapperMethod.execute(MapperMethod.java:80)
	at org.apache.ibatis.binding.MapperProxy$PlainMethodInvoker.invoke(MapperProxy.java:152)
	at org.apache.ibatis.binding.MapperProxy.invoke(MapperProxy.java:85)
	at com.sun.proxy.$Proxy59.selectByExample(Unknown Source)
	at com.henry.knowledgebase.service.DemoService.list(DemoService.java:17)
	at com.henry.knowledgebase.controller.DemoController.list(DemoController.java:21)
	at sun.reflect.NativeMethodAccessorImpl.invoke0(Native Method)
	at sun.reflect.NativeMethodAccessorImpl.invoke(NativeMethodAccessorImpl.java:62)
	at sun.reflect.DelegatingMethodAccessorImpl.invoke(DelegatingMethodAccessorImpl.java:43)
	at java.lang.reflect.Method.invoke(Method.java:498)
	at org.springframework.web.method.support.InvocableHandlerMethod.doInvoke(InvocableHandlerMethod.java:197)
	at org.springframework.web.method.support.InvocableHandlerMethod.invokeForRequest(InvocableHandlerMethod.java:141)
	at org.springframework.web.servlet.mvc.method.annotation.ServletInvocableHandlerMethod.invokeAndHandle(ServletInvocableHandlerMethod.java:106)
	at org.springframework.web.servlet.mvc.method.annotation.RequestMappingHandlerAdapter.invokeHandlerMethod(RequestMappingHandlerAdapter.java:893)
	at org.springframework.web.servlet.mvc.method.annotation.RequestMappingHandlerAdapter.handleInternal(RequestMappingHandlerAdapter.java:807)
	at org.springframework.web.servlet.mvc.method.AbstractHandlerMethodAdapter.handle(AbstractHandlerMethodAdapter.java:87)
	at org.springframework.web.servlet.DispatcherServlet.doDispatch(DispatcherServlet.java:1061)
	at org.springframework.web.servlet.DispatcherServlet.doService(DispatcherServlet.java:961)
	at org.springframework.web.servlet.FrameworkServlet.processRequest(FrameworkServlet.java:1006)
	at org.springframework.web.servlet.FrameworkServlet.doGet(FrameworkServlet.java:898)
	at javax.servlet.http.HttpServlet.service(HttpServlet.java:626)
	at org.springframework.web.servlet.FrameworkServlet.service(FrameworkServlet.java:883)
	at javax.servlet.http.HttpServlet.service(HttpServlet.java:733)
	at org.apache.catalina.core.ApplicationFilterChain.internalDoFilter(ApplicationFilterChain.java:231)
	at org.apache.catalina.core.ApplicationFilterChain.doFilter(ApplicationFilterChain.java:166)
	at org.apache.tomcat.websocket.server.WsFilter.doFilter(WsFilter.java:53)
	at org.apache.catalina.core.ApplicationFilterChain.internalDoFilter(ApplicationFilterChain.java:193)
	at org.apache.catalina.core.ApplicationFilterChain.doFilter(ApplicationFilterChain.java:166)
	at org.springframework.web.filter.RequestContextFilter.doFilterInternal(RequestContextFilter.java:100)
	at org.springframework.web.filter.OncePerRequestFilter.doFilter(OncePerRequestFilter.java:119)
	at org.apache.catalina.core.ApplicationFilterChain.internalDoFilter(ApplicationFilterChain.java:193)
	at org.apache.catalina.core.ApplicationFilterChain.doFilter(ApplicationFilterChain.java:166)
	at org.springframework.web.filter.FormContentFilter.doFilterInternal(FormContentFilter.java:93)
	at org.springframework.web.filter.OncePerRequestFilter.doFilter(OncePerRequestFilter.java:119)
	at org.apache.catalina.core.ApplicationFilterChain.internalDoFilter(ApplicationFilterChain.java:193)
	at org.apache.catalina.core.ApplicationFilterChain.doFilter(ApplicationFilterChain.java:166)
	at org.springframework.web.filter.CharacterEncodingFilter.doFilterInternal(CharacterEncodingFilter.java:201)
	at org.springframework.web.filter.OncePerRequestFilter.doFilter(OncePerRequestFilter.java:119)
	at org.apache.catalina.core.ApplicationFilterChain.internalDoFilter(ApplicationFilterChain.java:193)
	at org.apache.catalina.core.ApplicationFilterChain.doFilter(ApplicationFilterChain.java:166)
	at org.apache.catalina.core.StandardWrapperValve.invoke(StandardWrapperValve.java:202)
	at org.apache.catalina.core.StandardContextValve.invoke(StandardContextValve.java:97)
	at org.apache.catalina.authenticator.AuthenticatorBase.invoke(AuthenticatorBase.java:542)
	at org.apache.catalina.core.StandardHostValve.invoke(StandardHostValve.java:143)
	at org.apache.catalina.valves.ErrorReportValve.invoke(ErrorReportValve.java:92)
	at org.apache.catalina.core.StandardEngineValve.invoke(StandardEngineValve.java:78)
	at org.apache.catalina.connector.CoyoteAdapter.service(CoyoteAdapter.java:343)
	at org.apache.coyote.http11.Http11Processor.service(Http11Processor.java:374)
	at org.apache.coyote.AbstractProcessorLight.process(AbstractProcessorLight.java:65)
	at org.apache.coyote.AbstractProtocol$ConnectionHandler.process(AbstractProtocol.java:868)
	at org.apache.tomcat.util.net.NioEndpoint$SocketProcessor.doRun(NioEndpoint.java:1590)
	at org.apache.tomcat.util.net.SocketProcessorBase.run(SocketProcessorBase.java:49)
	at java.util.concurrent.ThreadPoolExecutor.runWorker(ThreadPoolExecutor.java:1149)
	at java.util.concurrent.ThreadPoolExecutor$Worker.run(ThreadPoolExecutor.java:624)
	at org.apache.tomcat.util.threads.TaskThread$WrappingRunnable.run(TaskThread.java:61)
	at java.lang.Thread.run(Thread.java:748)
2022-10-13 15:58:15.007 INFO  o.s.scheduling.concurrent.ThreadPoolTaskExecutor  :218  [32m                  [0;39m Shutting down ExecutorService 'applicationTaskExecutor'
2022-10-13 15:58:15.009 INFO  com.zaxxer.hikari.HikariDataSource                :350  [32m                  [0;39m HikariPool-1 - Shutdown initiated...
2022-10-13 15:58:15.023 INFO  com.zaxxer.hikari.HikariDataSource                :352  [32m                  [0;39m HikariPool-1 - Shutdown completed.
2022-10-13 15:58:15.415 INFO  c.h.knowledgebase.config.KnowledgeBaseApplication :55   [32m                  [0;39m Starting KnowledgeBaseApplication using Java 1.8.0_281 on hahahahhahasPro.cable.rcn.com with PID 73739 (/Users/henry/Desktop/Knowledge-base/target/classes started by henry in /Users/henry/Desktop/Knowledge-base)
2022-10-13 15:58:15.416 INFO  c.h.knowledgebase.config.KnowledgeBaseApplication :660  [32m                  [0;39m No active profile set, falling back to default profiles: default
2022-10-13 15:58:15.698 INFO  o.s.boot.web.embedded.tomcat.TomcatWebServer      :108  [32m                  [0;39m Tomcat initialized with port(s): 8880 (http)
2022-10-13 15:58:15.700 INFO  org.apache.coyote.http11.Http11NioProtocol        :173  [32m                  [0;39m Initializing ProtocolHandler ["http-nio-8880"]
2022-10-13 15:58:15.700 INFO  org.apache.catalina.core.StandardService          :173  [32m                  [0;39m Starting service [Tomcat]
2022-10-13 15:58:15.700 INFO  org.apache.catalina.core.StandardEngine           :173  [32m                  [0;39m Starting Servlet engine: [Apache Tomcat/9.0.39]
2022-10-13 15:58:15.718 INFO  o.a.c.core.ContainerBase.[Tomcat].[localhost].[/] :173  [32m                  [0;39m Initializing Spring embedded WebApplicationContext
2022-10-13 15:58:15.720 INFO  o.s.b.w.s.c.ServletWebServerApplicationContext    :289  [32m                  [0;39m Root WebApplicationContext: initialization completed in 296 ms
2022-10-13 15:58:15.957 INFO  o.s.scheduling.concurrent.ThreadPoolTaskExecutor  :181  [32m                  [0;39m Initializing ExecutorService 'applicationTaskExecutor'
2022-10-13 15:58:16.030 INFO  o.s.b.d.autoconfigure.OptionalLiveReloadServer    :58   [32m                  [0;39m LiveReload server is running on port 35729
2022-10-13 15:58:16.044 INFO  org.apache.coyote.http11.Http11NioProtocol        :173  [32m                  [0;39m Starting ProtocolHandler ["http-nio-8880"]
2022-10-13 15:58:16.048 INFO  o.s.boot.web.embedded.tomcat.TomcatWebServer      :220  [32m                  [0;39m Tomcat started on port(s): 8880 (http) with context path ''
2022-10-13 15:58:16.055 INFO  c.h.knowledgebase.config.KnowledgeBaseApplication :61   [32m                  [0;39m Started KnowledgeBaseApplication in 0.925 seconds (JVM running for 99.083)
2022-10-13 15:58:16.064 INFO  o.s.b.d.a.ConditionEvaluationDeltaLoggingListener :63   [32m                  [0;39m Condition evaluation unchanged
2022-10-13 15:58:16.065 INFO  c.h.knowledgebase.config.KnowledgeBaseApplication :20   [32m                  [0;39m Successfully Run
2022-10-13 15:58:16.066 INFO  c.h.knowledgebase.config.KnowledgeBaseApplication :21   [32m                  [0;39m Ip address: 	http://127.0.0.1:8880
2022-10-13 15:58:24.342 INFO  o.a.c.core.ContainerBase.[Tomcat].[localhost].[/] :173  [32m                  [0;39m Initializing Spring DispatcherServlet 'dispatcherServlet'
2022-10-13 15:58:24.343 INFO  org.springframework.web.servlet.DispatcherServlet :525  [32m                  [0;39m Initializing Servlet 'dispatcherServlet'
2022-10-13 15:58:24.344 INFO  org.springframework.web.servlet.DispatcherServlet :547  [32m                  [0;39m Completed initialization in 0 ms
2022-10-13 15:58:24.348 INFO  com.zaxxer.hikari.HikariDataSource                :110  [32m                  [0;39m HikariPool-2 - Starting...
2022-10-13 15:58:24.743 INFO  com.zaxxer.hikari.HikariDataSource                :123  [32m                  [0;39m HikariPool-2 - Start completed.
2022-10-13 16:13:43.784 WARN  com.zaxxer.hikari.pool.HikariPool                 :787  [32m                  [0;39m HikariPool-2 - Thread starvation or clock leap detected (housekeeper delta=1m6s447ms).
2022-10-13 16:15:02.795 WARN  com.zaxxer.hikari.pool.HikariPool                 :787  [32m                  [0;39m HikariPool-2 - Thread starvation or clock leap detected (housekeeper delta=48s992ms).
2022-10-13 16:30:57.412 WARN  com.zaxxer.hikari.pool.HikariPool                 :787  [32m                  [0;39m HikariPool-2 - Thread starvation or clock leap detected (housekeeper delta=15m54s617ms).
2022-10-13 16:34:06.408 WARN  com.zaxxer.hikari.pool.HikariPool                 :787  [32m                  [0;39m HikariPool-2 - Thread starvation or clock leap detected (housekeeper delta=2m1s741ms).
2022-10-13 16:36:47.818 WARN  com.zaxxer.hikari.pool.HikariPool                 :787  [32m                  [0;39m HikariPool-2 - Thread starvation or clock leap detected (housekeeper delta=2m11s404ms).
2022-10-13 17:23:28.141 WARN  com.zaxxer.hikari.pool.HikariPool                 :787  [32m                  [0;39m HikariPool-2 - Thread starvation or clock leap detected (housekeeper delta=1m39s941ms).
2022-10-13 17:30:02.864 WARN  com.zaxxer.hikari.pool.HikariPool                 :787  [32m                  [0;39m HikariPool-2 - Thread starvation or clock leap detected (housekeeper delta=6m34s726ms).
2022-10-13 17:35:09.695 WARN  com.zaxxer.hikari.pool.HikariPool                 :787  [32m                  [0;39m HikariPool-2 - Thread starvation or clock leap detected (housekeeper delta=4m36s819ms).
2022-10-13 18:07:58.478 WARN  com.zaxxer.hikari.pool.HikariPool                 :787  [32m                  [0;39m HikariPool-2 - Thread starvation or clock leap detected (housekeeper delta=48s503ms).
2022-10-13 18:11:02.592 WARN  com.zaxxer.hikari.pool.HikariPool                 :787  [32m                  [0;39m HikariPool-2 - Thread starvation or clock leap detected (housekeeper delta=58s751ms).
2022-10-13 18:27:55.701 WARN  com.zaxxer.hikari.pool.HikariPool                 :787  [32m                  [0;39m HikariPool-2 - Thread starvation or clock leap detected (housekeeper delta=16m23s91ms).
2022-10-13 18:30:41.875 WARN  com.zaxxer.hikari.pool.HikariPool                 :787  [32m                  [0;39m HikariPool-2 - Thread starvation or clock leap detected (housekeeper delta=2m46s175ms).
2022-10-13 18:35:07.159 WARN  com.zaxxer.hikari.pool.HikariPool                 :787  [32m                  [0;39m HikariPool-2 - Thread starvation or clock leap detected (housekeeper delta=3m55s260ms).
2022-10-13 18:36:13.778 WARN  com.zaxxer.hikari.pool.HikariPool                 :787  [32m                  [0;39m HikariPool-2 - Thread starvation or clock leap detected (housekeeper delta=1m6s619ms).
2022-10-13 18:43:14.488 WARN  com.zaxxer.hikari.pool.HikariPool                 :787  [32m                  [0;39m HikariPool-2 - Thread starvation or clock leap detected (housekeeper delta=6m30s693ms).
2022-10-13 18:45:22.404 WARN  com.zaxxer.hikari.pool.HikariPool                 :787  [32m                  [0;39m HikariPool-2 - Thread starvation or clock leap detected (housekeeper delta=1m37s919ms).
2022-10-13 18:47:18.902 WARN  com.zaxxer.hikari.pool.HikariPool                 :787  [32m                  [0;39m HikariPool-2 - Thread starvation or clock leap detected (housekeeper delta=1m56s499ms).
2022-10-13 19:50:17.896 WARN  com.zaxxer.hikari.pool.HikariPool                 :787  [32m                  [0;39m HikariPool-2 - Thread starvation or clock leap detected (housekeeper delta=58s442ms).
2022-10-13 19:52:59.489 WARN  com.zaxxer.hikari.pool.HikariPool                 :787  [32m                  [0;39m HikariPool-2 - Thread starvation or clock leap detected (housekeeper delta=2m11s585ms).
2022-10-13 20:08:30.962 WARN  com.zaxxer.hikari.pool.HikariPool                 :787  [32m                  [0;39m HikariPool-2 - Thread starvation or clock leap detected (housekeeper delta=15m31s473ms).
2022-10-13 20:15:00.140 WARN  com.zaxxer.hikari.pool.HikariPool                 :787  [32m                  [0;39m HikariPool-2 - Thread starvation or clock leap detected (housekeeper delta=5m29s159ms).
2022-10-13 20:15:45.492 WARN  com.zaxxer.hikari.pool.HikariPool                 :787  [32m                  [0;39m HikariPool-2 - Thread starvation or clock leap detected (housekeeper delta=45s353ms).
2022-10-13 20:21:32.068 WARN  com.zaxxer.hikari.pool.HikariPool                 :787  [32m                  [0;39m HikariPool-2 - Thread starvation or clock leap detected (housekeeper delta=5m16s561ms).
2022-10-13 21:33:43.444 WARN  com.zaxxer.hikari.pool.HikariPool                 :787  [32m                  [0;39m HikariPool-2 - Thread starvation or clock leap detected (housekeeper delta=16m7s305ms).
2022-10-13 22:50:27.071 WARN  com.zaxxer.hikari.pool.HikariPool                 :787  [32m                  [0;39m HikariPool-2 - Thread starvation or clock leap detected (housekeeper delta=16m42s791ms).
2022-10-13 23:07:53.750 WARN  com.zaxxer.hikari.pool.HikariPool                 :787  [32m                  [0;39m HikariPool-2 - Thread starvation or clock leap detected (housekeeper delta=16m56s659ms).
2022-10-13 23:11:09.363 WARN  com.zaxxer.hikari.pool.HikariPool                 :787  [32m                  [0;39m HikariPool-2 - Thread starvation or clock leap detected (housekeeper delta=2m45s606ms).
2022-10-13 23:39:00.623 WARN  com.zaxxer.hikari.pool.HikariPool                 :787  [32m                  [0;39m HikariPool-2 - Thread starvation or clock leap detected (housekeeper delta=12m20s647ms).
2022-10-13 23:56:44.935 WARN  com.zaxxer.hikari.pool.HikariPool                 :787  [32m                  [0;39m HikariPool-2 - Thread starvation or clock leap detected (housekeeper delta=17m44s313ms).
